[debug] [2021-06-10T11:57:08.877Z] ----------------------------------------------------------------------
[debug] [2021-06-10T11:57:08.879Z] Command:       /usr/bin/node /usr/bin/firebase emulators:start
[debug] [2021-06-10T11:57:08.879Z] CLI Version:   9.12.1
[debug] [2021-06-10T11:57:08.880Z] Platform:      linux
[debug] [2021-06-10T11:57:08.880Z] Node Version:  v16.2.0
[debug] [2021-06-10T11:57:08.880Z] Time:          Thu Jun 10 2021 16:57:08 GMT+0500 (Pakistan Standard Time)
[debug] [2021-06-10T11:57:08.880Z] ----------------------------------------------------------------------
[debug] 
[debug] [2021-06-10T11:57:08.887Z] > command requires scopes: ["email","openid","https://www.googleapis.com/auth/cloudplatformprojects.readonly","https://www.googleapis.com/auth/firebase","https://www.googleapis.com/auth/cloud-platform"]
[debug] [2021-06-10T11:57:08.887Z] > authorizing via signed-in user (hammad1029@gmail.com)
[info] i  emulators: Starting emulators: functions {"metadata":{"emulator":{"name":"hub"},"message":"Starting emulators: functions"}}
[debug] [2021-06-10T11:57:08.915Z] [hub] writing locator at /tmp/hub-dollat-f1d41.json
[warn] ⚠  functions: The following emulators are not running, calls to these services from the Functions emulator will affect production: auth, firestore, database, hosting, pubsub, storage {"metadata":{"emulator":{"name":"functions"},"message":"The following emulators are not running, calls to these services from the Functions emulator will affect production: \u001b[1mauth, firestore, database, hosting, pubsub, storage\u001b[22m"}}
[warn] ⚠  Your requested "node" version "14" doesn't match your global version "16" {"metadata":{"emulator":{"name":"functions"},"message":"Your requested \"node\" version \"14\" doesn't match your global version \"16\""}}
[debug] [2021-06-10T11:57:13.964Z] defaultcredentials: writing to file /home/hammad/.config/firebase/hammad1029_gmail_com_application_default_credentials.json
[debug] [2021-06-10T11:57:13.970Z] Setting GAC to /home/hammad/.config/firebase/hammad1029_gmail_com_application_default_credentials.json {"metadata":{"emulator":{"name":"functions"},"message":"Setting GAC to /home/hammad/.config/firebase/hammad1029_gmail_com_application_default_credentials.json"}}
[debug] [2021-06-10T11:57:13.973Z] > refreshing access token with scopes: []
[debug] [2021-06-10T11:57:13.973Z] >>> HTTP REQUEST POST https://www.googleapis.com/oauth2/v3/token  
 <request body omitted>
[debug] [2021-06-10T11:57:14.309Z] <<< HTTP RESPONSE 200 {"expires":"Mon, 01 Jan 1990 00:00:00 GMT","date":"Thu, 10 Jun 2021 11:57:14 GMT","cache-control":"no-cache, no-store, max-age=0, must-revalidate","pragma":"no-cache","content-type":"application/json; charset=utf-8","vary":"X-Origin, Referer, Origin,Accept-Encoding","server":"scaffolding on HTTPServer2","x-xss-protection":"0","x-frame-options":"SAMEORIGIN","x-content-type-options":"nosniff","alt-svc":"h3=\":443\"; ma=2592000,h3-29=\":443\"; ma=2592000,h3-T051=\":443\"; ma=2592000,h3-Q050=\":443\"; ma=2592000,h3-Q046=\":443\"; ma=2592000,h3-Q043=\":443\"; ma=2592000,quic=\":443\"; ma=2592000; v=\"46,43\"","accept-ranges":"none","transfer-encoding":"chunked"}
[debug] [2021-06-10T11:57:14.325Z] >>> [apiv2][query] GET https://firebase.googleapis.com/v1beta1/projects/dollat-f1d41/adminSdkConfig [none]
[debug] [2021-06-10T11:57:14.915Z] <<< [apiv2][status] GET https://firebase.googleapis.com/v1beta1/projects/dollat-f1d41/adminSdkConfig 200
[debug] [2021-06-10T11:57:14.916Z] <<< [apiv2][body] GET https://firebase.googleapis.com/v1beta1/projects/dollat-f1d41/adminSdkConfig {"projectId":"dollat-f1d41","storageBucket":"dollat-f1d41.appspot.com","locationId":"asia-south1"}
[debug] [2021-06-10T11:57:14.951Z] Ignoring unsupported arg: auto_download {"metadata":{"emulator":{"name":"ui"},"message":"Ignoring unsupported arg: auto_download"}}
[debug] [2021-06-10T11:57:14.952Z] Ignoring unsupported arg: port {"metadata":{"emulator":{"name":"ui"},"message":"Ignoring unsupported arg: port"}}
[debug] [2021-06-10T11:57:14.952Z] Starting Emulator UI with command {"binary":"node","args":["/home/hammad/.cache/firebase/emulators/ui-v1.5.0/server.bundle.js"],"optionalArgs":[],"joinArgs":false} {"metadata":{"emulator":{"name":"ui"},"message":"Starting Emulator UI with command {\"binary\":\"node\",\"args\":[\"/home/hammad/.cache/firebase/emulators/ui-v1.5.0/server.bundle.js\"],\"optionalArgs\":[],\"joinArgs\":false}"}}
[info] i  ui: Emulator UI logging to ui-debug.log {"metadata":{"emulator":{"name":"ui"},"message":"Emulator UI logging to \u001b[1mui-debug.log\u001b[22m"}}
[debug] [2021-06-10T11:57:15.077Z] Web / API server started at http://localhost:4000
 {"metadata":{"emulator":{"name":"ui"},"message":"Web / API server started at http://localhost:4000\n"}}
[info] i  functions: Watching "/home/hammad/Documents/WebDev/dollat/functions" for Cloud Functions... {"metadata":{"emulator":{"name":"functions"},"message":"Watching \"/home/hammad/Documents/WebDev/dollat/functions\" for Cloud Functions..."}}
[debug] [2021-06-10T11:57:18.998Z] [worker-pool] addWorker(~diagnostic~) {"metadata":{"emulator":{"name":"functions"},"message":"[worker-pool] addWorker(~diagnostic~)"}}
[debug] [2021-06-10T11:57:18.998Z] [worker-pool] Adding worker with key ~diagnostic~, total=1 {"metadata":{"emulator":{"name":"functions"},"message":"[worker-pool] Adding worker with key ~diagnostic~, total=1"}}
[debug] [2021-06-10T11:57:18.999Z] [worker-pool] submitWork(triggerId=) {"metadata":{"emulator":{"name":"functions"},"message":"[worker-pool] submitWork(triggerId=)"}}
[debug] [2021-06-10T11:57:19.000Z] [worker-~diagnostic~-e906b75e-f0e0-4129-9239-95c458bd42a4]: Assigning socketPath: /tmp/fire_emu_48108.sock {"metadata":{"emulator":{"name":"functions"},"message":"[worker-~diagnostic~-e906b75e-f0e0-4129-9239-95c458bd42a4]: Assigning socketPath: /tmp/fire_emu_48108.sock"}}
[debug] [2021-06-10T11:57:19.001Z] [worker-~diagnostic~-e906b75e-f0e0-4129-9239-95c458bd42a4]: BUSY {"metadata":{"emulator":{"name":"functions"},"message":"[worker-~diagnostic~-e906b75e-f0e0-4129-9239-95c458bd42a4]: BUSY"}}
[debug] [2021-06-10T11:57:19.190Z] [runtime-status] [48108] Functions runtime initialized. {"cwd":"/home/hammad/Documents/WebDev/dollat/functions","node_version":"16.2.0"} {"metadata":{"emulator":{"name":"functions"},"message":"[runtime-status] [48108] Functions runtime initialized. {\"cwd\":\"/home/hammad/Documents/WebDev/dollat/functions\",\"node_version\":\"16.2.0\"}"}}
[debug] [2021-06-10T11:57:19.192Z] [runtime-status] [48108] Disabled runtime features: undefined {"metadata":{"emulator":{"name":"functions"},"message":"[runtime-status] [48108] Disabled runtime features: undefined"}}
[debug] [2021-06-10T11:57:19.196Z] [runtime-status] [48108] Resolved module firebase-admin {"declared":true,"installed":true,"version":"9.9.0","resolution":"/home/hammad/Documents/WebDev/dollat/functions/node_modules/firebase-admin/lib/index.js"} {"metadata":{"emulator":{"name":"functions"},"message":"[runtime-status] [48108] Resolved module firebase-admin {\"declared\":true,\"installed\":true,\"version\":\"9.9.0\",\"resolution\":\"/home/hammad/Documents/WebDev/dollat/functions/node_modules/firebase-admin/lib/index.js\"}"}}
[debug] [2021-06-10T11:57:19.196Z] [runtime-status] [48108] Resolved module firebase-functions {"declared":true,"installed":true,"version":"3.14.1","resolution":"/home/hammad/Documents/WebDev/dollat/functions/node_modules/firebase-functions/lib/index.js"} {"metadata":{"emulator":{"name":"functions"},"message":"[runtime-status] [48108] Resolved module firebase-functions {\"declared\":true,\"installed\":true,\"version\":\"3.14.1\",\"resolution\":\"/home/hammad/Documents/WebDev/dollat/functions/node_modules/firebase-functions/lib/index.js\"}"}}
[debug] [2021-06-10T11:57:19.197Z] [runtime-status] [48108] Found local functions config: /home/hammad/Documents/WebDev/dollat/functions/.runtimeconfig.json {"metadata":{"emulator":{"name":"functions"},"message":"[runtime-status] [48108] Found local functions config: /home/hammad/Documents/WebDev/dollat/functions/.runtimeconfig.json"}}
[debug] [2021-06-10T11:57:19.198Z] [runtime-status] [48108] Resolved module firebase-functions {"declared":true,"installed":true,"version":"3.14.1","resolution":"/home/hammad/Documents/WebDev/dollat/functions/node_modules/firebase-functions/lib/index.js"} {"metadata":{"emulator":{"name":"functions"},"message":"[runtime-status] [48108] Resolved module firebase-functions {\"declared\":true,\"installed\":true,\"version\":\"3.14.1\",\"resolution\":\"/home/hammad/Documents/WebDev/dollat/functions/node_modules/firebase-functions/lib/index.js\"}"}}
[debug] [2021-06-10T11:57:19.201Z] [runtime-status] [48108] Outgoing network have been stubbed. [{"name":"http","status":"mocked"},{"name":"http","status":"mocked"},{"name":"https","status":"mocked"},{"name":"https","status":"mocked"},{"name":"net","status":"mocked"}] {"metadata":{"emulator":{"name":"functions"},"message":"[runtime-status] [48108] Outgoing network have been stubbed. [{\"name\":\"http\",\"status\":\"mocked\"},{\"name\":\"http\",\"status\":\"mocked\"},{\"name\":\"https\",\"status\":\"mocked\"},{\"name\":\"https\",\"status\":\"mocked\"},{\"name\":\"net\",\"status\":\"mocked\"}]"}}
[debug] [2021-06-10T11:57:19.203Z] [runtime-status] [48108] Resolved module firebase-functions {"declared":true,"installed":true,"version":"3.14.1","resolution":"/home/hammad/Documents/WebDev/dollat/functions/node_modules/firebase-functions/lib/index.js"} {"metadata":{"emulator":{"name":"functions"},"message":"[runtime-status] [48108] Resolved module firebase-functions {\"declared\":true,\"installed\":true,\"version\":\"3.14.1\",\"resolution\":\"/home/hammad/Documents/WebDev/dollat/functions/node_modules/firebase-functions/lib/index.js\"}"}}
[debug] [2021-06-10T11:57:19.256Z] [runtime-status] [48108] Checked functions.config() {"config":{"algolia":{"appid":"4YRCWBZ76R","apikey":"ce47a61dbcd4d509180e157fdc585706"}}} {"metadata":{"emulator":{"name":"functions"},"message":"[runtime-status] [48108] Checked functions.config() {\"config\":{\"algolia\":{\"appid\":\"4YRCWBZ76R\",\"apikey\":\"ce47a61dbcd4d509180e157fdc585706\"}}}"}}
[debug] [2021-06-10T11:57:19.257Z] [runtime-status] [48108] firebase-functions has been stubbed. {"functionsResolution":{"declared":true,"installed":true,"version":"3.14.1","resolution":"/home/hammad/Documents/WebDev/dollat/functions/node_modules/firebase-functions/lib/index.js"}} {"metadata":{"emulator":{"name":"functions"},"message":"[runtime-status] [48108] firebase-functions has been stubbed. {\"functionsResolution\":{\"declared\":true,\"installed\":true,\"version\":\"3.14.1\",\"resolution\":\"/home/hammad/Documents/WebDev/dollat/functions/node_modules/firebase-functions/lib/index.js\"}}"}}
[debug] [2021-06-10T11:57:19.258Z] [runtime-status] [48108] Resolved module firebase-functions {"declared":true,"installed":true,"version":"3.14.1","resolution":"/home/hammad/Documents/WebDev/dollat/functions/node_modules/firebase-functions/lib/index.js"} {"metadata":{"emulator":{"name":"functions"},"message":"[runtime-status] [48108] Resolved module firebase-functions {\"declared\":true,\"installed\":true,\"version\":\"3.14.1\",\"resolution\":\"/home/hammad/Documents/WebDev/dollat/functions/node_modules/firebase-functions/lib/index.js\"}"}}
[debug] [2021-06-10T11:57:19.260Z] [runtime-status] [48108] Resolved module firebase-admin {"declared":true,"installed":true,"version":"9.9.0","resolution":"/home/hammad/Documents/WebDev/dollat/functions/node_modules/firebase-admin/lib/index.js"} {"metadata":{"emulator":{"name":"functions"},"message":"[runtime-status] [48108] Resolved module firebase-admin {\"declared\":true,\"installed\":true,\"version\":\"9.9.0\",\"resolution\":\"/home/hammad/Documents/WebDev/dollat/functions/node_modules/firebase-admin/lib/index.js\"}"}}
[debug] [2021-06-10T11:57:19.260Z] [runtime-status] [48108] Resolved module firebase-functions {"declared":true,"installed":true,"version":"3.14.1","resolution":"/home/hammad/Documents/WebDev/dollat/functions/node_modules/firebase-functions/lib/index.js"} {"metadata":{"emulator":{"name":"functions"},"message":"[runtime-status] [48108] Resolved module firebase-functions {\"declared\":true,\"installed\":true,\"version\":\"3.14.1\",\"resolution\":\"/home/hammad/Documents/WebDev/dollat/functions/node_modules/firebase-functions/lib/index.js\"}"}}
[debug] [2021-06-10T11:57:19.261Z] [runtime-status] [48108] firebase-admin has been stubbed. {"adminResolution":{"declared":true,"installed":true,"version":"9.9.0","resolution":"/home/hammad/Documents/WebDev/dollat/functions/node_modules/firebase-admin/lib/index.js"}} {"metadata":{"emulator":{"name":"functions"},"message":"[runtime-status] [48108] firebase-admin has been stubbed. {\"adminResolution\":{\"declared\":true,\"installed\":true,\"version\":\"9.9.0\",\"resolution\":\"/home/hammad/Documents/WebDev/dollat/functions/node_modules/firebase-admin/lib/index.js\"}}"}}
[debug] [2021-06-10T11:57:19.280Z] [runtime-status] [48108] initializeApp(DEFAULT) {"storageBucket":"dollat-f1d41.appspot.com","projectId":"dollat-f1d41"} {"metadata":{"emulator":{"name":"functions"},"message":"[runtime-status] [48108] initializeApp(DEFAULT) {\"storageBucket\":\"dollat-f1d41.appspot.com\",\"projectId\":\"dollat-f1d41\"}"}}
[warn] ⚠  functions: The Cloud Firestore emulator is not running, so calls to Firestore will affect production. {"metadata":{"emulator":{"name":"functions"},"message":"The Cloud Firestore emulator is not running, so calls to Firestore will affect production."}}
[info] ✔  functions[us-central1-sendCollectionToAlgolia]: http function initialized (http://localhost:5001/dollat-f1d41/us-central1/sendCollectionToAlgolia). {"metadata":{"emulator":{"name":"functions"},"message":"\u001b[1mhttp\u001b[22m function initialized (http://localhost:5001/dollat-f1d41/us-central1/sendCollectionToAlgolia)."}}
[info] i  functions[us-central1-makeUppercase]: function ignored because the firestore emulator does not exist or is not running. {"metadata":{"emulator":{"name":"functions"},"message":"function ignored because the firestore emulator does not exist or is not running."}}
[info] 
┌─────────────────────────────────────────────────────────────┐
│ ✔  All emulators ready! It is now safe to connect your app. │
│ i  View Emulator UI at http://localhost:4000                │
└─────────────────────────────────────────────────────────────┘

┌───────────┬────────────────┬─────────────────────────────────┐
│ Emulator  │ Host:Port      │ View in Emulator UI             │
├───────────┼────────────────┼─────────────────────────────────┤
│ Functions │ localhost:5001 │ http://localhost:4000/functions │
└───────────┴────────────────┴─────────────────────────────────┘
  Emulator Hub running at localhost:4400
  Other reserved ports: 4500

Issues? Report them at https://github.com/firebase/firebase-tools/issues and attach the *-debug.log files.
 
[debug] [2021-06-10T11:57:19.324Z] [worker-~diagnostic~-e906b75e-f0e0-4129-9239-95c458bd42a4]: IDLE {"metadata":{"emulator":{"name":"functions"},"message":"[worker-~diagnostic~-e906b75e-f0e0-4129-9239-95c458bd42a4]: IDLE"}}
[debug] [2021-06-10T12:08:03.711Z] Received signal SIGHUP 1
[info]  
[info] i  emulators: Received SIGHUP for the first time. Starting a clean shutdown. 
[info] i  emulators: Please wait for a clean shutdown or send the SIGHUP signal again to stop right now. 
[debug] [2021-06-10T12:08:03.716Z] Error: write EIO
    at afterWriteDispatched (node:internal/stream_base_commons:160:15)
    at writeGeneric (node:internal/stream_base_commons:151:3)
    at WriteStream.Socket._writeGeneric (node:net:769:11)
    at WriteStream.Socket._write (node:net:781:8)
    at writeOrBuffer (node:internal/streams/writable:389:12)
    at _write (node:internal/streams/writable:330:10)
    at WriteStream.Writable.write (node:internal/streams/writable:334:10)
    at Console.log (/usr/lib/node_modules/firebase-tools/node_modules/winston/lib/winston/transports/console.js:79:23)
    at Console._write (/usr/lib/node_modules/firebase-tools/node_modules/winston-transport/index.js:103:17)
    at doWrite (/usr/lib/node_modules/firebase-tools/node_modules/winston-transport/node_modules/readable-stream/lib/_stream_writable.js:428:64)
    at writeOrBuffer (/usr/lib/node_modules/firebase-tools/node_modules/winston-transport/node_modules/readable-stream/lib/_stream_writable.js:417:5)
    at Console.Writable.write (/usr/lib/node_modules/firebase-tools/node_modules/winston-transport/node_modules/readable-stream/lib/_stream_writable.js:334:11)
    at DerivedLogger.ondata (/usr/lib/node_modules/firebase-tools/node_modules/readable-stream/lib/_stream_readable.js:681:20)
    at DerivedLogger.emit (node:events:377:35)
    at DerivedLogger.emit (node:domain:470:12)
    at addChunk (/usr/lib/node_modules/firebase-tools/node_modules/readable-stream/lib/_stream_readable.js:298:12)
[error] 
[error] Error: An unexpected error has occurred.
[debug] [2021-06-10T12:08:03.720Z] [worker-~diagnostic~-e906b75e-f0e0-4129-9239-95c458bd42a4]: exited {"metadata":{"emulator":{"name":"functions"},"message":"[worker-~diagnostic~-e906b75e-f0e0-4129-9239-95c458bd42a4]: exited"}}
[debug] [2021-06-10T12:08:03.721Z] [worker-~diagnostic~-e906b75e-f0e0-4129-9239-95c458bd42a4]: FINISHED {"metadata":{"emulator":{"name":"functions"},"message":"[worker-~diagnostic~-e906b75e-f0e0-4129-9239-95c458bd42a4]: FINISHED"}}
[info] i  emulators: Shutting down emulators. {"metadata":{"emulator":{"name":"hub"},"message":"Shutting down emulators."}}
[info] i  ui: Stopping Emulator UI {"metadata":{"emulator":{"name":"ui"},"message":"Stopping Emulator UI"}}
[debug] [2021-06-10T12:08:03.731Z] node[48095]: ../src/node.cc:765:void node::ResetStdio(): Assertion `!(err != 0) || (err == -1 && (*__errno_location ()) == 1)' failed.
 {"metadata":{"emulator":{"name":"ui"},"message":"node[48095]: ../src/node.cc:765:void node::ResetStdio(): Assertion `!(err != 0) || (err == -1 && (*__errno_location ()) == 1)' failed.\n"}}
[debug] [2021-06-10T12:08:03.734Z]  1: 0x5586bd32a351 node::Abort() [node]
 2: 0x5586bd32a3e7  [node]
 3: 0x5586bd2ea992 node::ResetStdio() [node]
 4: 0x5586bd2eaa82 node::SignalExit(int, siginfo_t*, void*) [node]
 5: 0x7f70c7df1870  [/usr/lib/libpthread.so.0]
 6: 0x7f70c7d1092e epoll_wait [/usr/lib/libc.so.6]
 {"metadata":{"emulator":{"name":"ui"},"message":" 1: 0x5586bd32a351 node::Abort() [node]\n 2: 0x5586bd32a3e7  [node]\n 3: 0x5586bd2ea992 node::ResetStdio() [node]\n 4: 0x5586bd2eaa82 node::SignalExit(int, siginfo_t*, void*) [node]\n 5: 0x7f70c7df1870  [/usr/lib/libpthread.so.0]\n 6: 0x7f70c7d1092e epoll_wait [/usr/lib/libc.so.6]\n"}}
[debug] [2021-06-10T12:08:03.736Z]  7: 0x5586bdf166fa  [node]
 8: 0x5586bdf03dc7 uv_run [node]
 9: 0x5586bd262156 node::SpinEventLoop(node::Environment*) [node]
10: 0x5586bd373491 node::NodeMainInstance::Run(node::EnvSerializeInfo const*) [node]
 {"metadata":{"emulator":{"name":"ui"},"message":" 7: 0x5586bdf166fa  [node]\n 8: 0x5586bdf03dc7 uv_run [node]\n 9: 0x5586bd262156 node::SpinEventLoop(node::Environment*) [node]\n10: 0x5586bd373491 node::NodeMainInstance::Run(node::EnvSerializeInfo const*) [node]\n"}}
[debug] [2021-06-10T12:08:03.738Z] 11: 0x5586bd2ee715 node::Start(int, char**) [node]
12: 0x7f70c7c39b25 __libc_start_main [/usr/lib/libc.so.6]
13: 0x5586bd25ee0e _start [node]
 {"metadata":{"emulator":{"name":"ui"},"message":"11: 0x5586bd2ee715 node::Start(int, char**) [node]\n12: 0x7f70c7c39b25 __libc_start_main [/usr/lib/libc.so.6]\n13: 0x5586bd25ee0e _start [node]\n"}}
